#
# There is insufficient memory for the Java Runtime Environment to continue.
# Native memory allocation (malloc) failed to allocate 1701136 bytes for Chunk::new
# Possible reasons:
#   The system is out of physical RAM or swap space
#   The process is running with CompressedOops enabled, and the Java Heap may be blocking the growth of the native heap
# Possible solutions:
#   Reduce memory load on the system
#   Increase physical memory or swap space
#   Check if swap backing store is full
#   Decrease Java heap size (-Xmx/-Xms)
#   Decrease number of Java threads
#   Decrease Java thread stack sizes (-Xss)
#   Set larger code cache with -XX:ReservedCodeCacheSize=
#   JVM is running with Unscaled Compressed Oops mode in which the Java heap is
#     placed in the first 4GB address space. The Java Heap base address is the
#     maximum limit for the native heap growth. Please use -XX:HeapBaseMinAddress
#     to set the Java Heap base and to place the Java Heap above 4GB virtual address.
# This output file may be truncated or incomplete.
#
#  Out of Memory Error (allocation.cpp:389), pid=14616, tid=0x0000000000004080
#
# JRE version: Java(TM) SE Runtime Environment (8.0_291-b10) (build 1.8.0_291-b10)
# Java VM: Java HotSpot(TM) 64-Bit Server VM (25.291-b10 mixed mode windows-amd64 compressed oops)
# Failed to write core dump. Minidumps are not enabled by default on client versions of Windows
#

---------------  T H R E A D  ---------------

Current thread (0x0000021a38dc7000):  JavaThread "C2 CompilerThread0" daemon [_thread_in_native, id=16512, stack(0x0000009a2c800000,0x0000009a2c900000)]

Stack: [0x0000009a2c800000,0x0000009a2c900000]
Native frames: (J=compiled Java code, j=interpreted, Vv=VM code, C=native code)
V  [jvm.dll+0x32ea19]
V  [jvm.dll+0x275462]
V  [jvm.dll+0x27610d]
V  [jvm.dll+0x26cb45]
V  [jvm.dll+0xd524c]
V  [jvm.dll+0xd5a4c]
V  [jvm.dll+0x46fd43]
V  [jvm.dll+0x437850]
V  [jvm.dll+0x440855]
V  [jvm.dll+0x43fc15]
V  [jvm.dll+0x42aa57]
V  [jvm.dll+0xabeeb]
V  [jvm.dll+0xaa54b]
V  [jvm.dll+0x23db02]
V  [jvm.dll+0x29210c]
C  [ucrtbase.dll+0x21bb2]
C  [KERNEL32.DLL+0x17034]
C  [ntdll.dll+0x52651]


Current CompileTask:
C2:   6818 3152       4       java.net.URLClassLoader$1::run (5 bytes)


---------------  P R O C E S S  ---------------

Java Threads: ( => current thread )
  0x0000021a3d624800 JavaThread "Memory manager" [_thread_blocked, id=6272, stack(0x0000009a2e400000,0x0000009a2e500000)]
  0x0000021a3d628800 JavaThread "Cache worker for Build Output Cleanup Cache (C:\Users\rajni\IdeaProjects\Employ_REST_IO\.gradle\buildOutputCleanup)" [_thread_blocked, id=12196, stack(0x0000009a2e300000,0x0000009a2e400000)]
  0x0000021a3d627000 JavaThread "Cache worker for file content cache (C:\Users\rajni\.gradle\caches\6.8\fileContent)" [_thread_blocked, id=9620, stack(0x0000009a2e200000,0x0000009a2e300000)]
  0x0000021a39da4000 JavaThread "jar transforms" [_thread_blocked, id=6820, stack(0x0000009a2e100000,0x0000009a2e200000)]
  0x0000021a39da2800 JavaThread "Cache worker for execution history cache (C:\Users\rajni\.gradle\caches\6.8\executionHistory)" [_thread_blocked, id=11812, stack(0x0000009a2e000000,0x0000009a2e100000)]
  0x0000021a39d9d800 JavaThread "Cache worker for cache directory md-rule (C:\Users\rajni\.gradle\caches\6.8\md-rule)" [_thread_blocked, id=3800, stack(0x0000009a2df00000,0x0000009a2e000000)]
  0x0000021a39da2000 JavaThread "Cache worker for cache directory md-supplier (C:\Users\rajni\.gradle\caches\6.8\md-supplier)" [_thread_blocked, id=16520, stack(0x0000009a2de00000,0x0000009a2df00000)]
  0x0000021a39da1000 JavaThread "Cache worker for checksums cache (C:\Users\rajni\IdeaProjects\Employ_REST_IO\.gradle\checksums)" [_thread_blocked, id=18584, stack(0x0000009a2dd00000,0x0000009a2de00000)]
  0x0000021a39da3800 JavaThread "Cache worker for file hash cache (C:\Users\rajni\IdeaProjects\Employ_REST_IO\.gradle\6.8\fileHashes)" [_thread_blocked, id=10044, stack(0x0000009a2dc00000,0x0000009a2dd00000)]
  0x0000021a39da0800 JavaThread "Cache worker for journal cache (C:\Users\rajni\.gradle\caches\journal-1)" [_thread_blocked, id=3188, stack(0x0000009a2db00000,0x0000009a2dc00000)]
  0x0000021a39d9f800 JavaThread "File lock request listener" [_thread_in_native, id=2012, stack(0x0000009a2da00000,0x0000009a2db00000)]
  0x0000021a39d9f000 JavaThread "Cache worker for file hash cache (C:\Users\rajni\.gradle\caches\6.8\fileHashes)" [_thread_blocked, id=15204, stack(0x0000009a2d900000,0x0000009a2da00000)]
  0x0000021a3b76e800 JavaThread "Daemon client event forwarder" [_thread_blocked, id=7416, stack(0x0000009a2d800000,0x0000009a2d900000)]
  0x0000021a3b752800 JavaThread "Stdin handler" [_thread_blocked, id=4816, stack(0x0000009a2d700000,0x0000009a2d800000)]
  0x0000021a3b76a000 JavaThread "Asynchronous log dispatcher for DefaultDaemonConnection: socket connection from /127.0.0.1:57299 to /127.0.0.1:57300" [_thread_blocked, id=9008, stack(0x0000009a2d600000,0x0000009a2d700000)]
  0x0000021a3b739000 JavaThread "Daemon worker" [_thread_blocked, id=12864, stack(0x0000009a2d500000,0x0000009a2d600000)]
  0x0000021a3b737800 JavaThread "Cancel handler" [_thread_blocked, id=15072, stack(0x0000009a2d400000,0x0000009a2d500000)]
  0x0000021a3b66c800 JavaThread "Handler for socket connection from /127.0.0.1:57299 to /127.0.0.1:57300" [_thread_in_native, id=8088, stack(0x0000009a2d300000,0x0000009a2d400000)]
  0x0000021a3b667800 JavaThread "Daemon" [_thread_blocked, id=3976, stack(0x0000009a2d200000,0x0000009a2d300000)]
  0x0000021a3b69f800 JavaThread "Daemon periodic checks" [_thread_blocked, id=17652, stack(0x0000009a2d100000,0x0000009a2d200000)]
  0x0000021a3b6b2000 JavaThread "Incoming local TCP Connector on port 57299" [_thread_in_native, id=4700, stack(0x0000009a2d000000,0x0000009a2d100000)]
  0x0000021a3b5b6000 JavaThread "Daemon health stats" [_thread_blocked, id=3156, stack(0x0000009a2cd00000,0x0000009a2ce00000)]
  0x0000021a38e4e000 JavaThread "Service Thread" daemon [_thread_blocked, id=8236, stack(0x0000009a2cb00000,0x0000009a2cc00000)]
  0x0000021a38dce800 JavaThread "C1 CompilerThread2" daemon [_thread_blocked, id=18824, stack(0x0000009a2ca00000,0x0000009a2cb00000)]
  0x0000021a38dc9800 JavaThread "C2 CompilerThread1" daemon [_thread_blocked, id=17296, stack(0x0000009a2c900000,0x0000009a2ca00000)]
=>0x0000021a38dc7000 JavaThread "C2 CompilerThread0" daemon [_thread_in_native, id=16512, stack(0x0000009a2c800000,0x0000009a2c900000)]
  0x0000021a38dbf800 JavaThread "Attach Listener" daemon [_thread_blocked, id=18100, stack(0x0000009a2c700000,0x0000009a2c800000)]
  0x0000021a38dbe800 JavaThread "Signal Dispatcher" daemon [_thread_blocked, id=17136, stack(0x0000009a2c600000,0x0000009a2c700000)]
  0x0000021a38675000 JavaThread "Finalizer" daemon [_thread_blocked, id=17156, stack(0x0000009a2c500000,0x0000009a2c600000)]
  0x0000021a38da6800 JavaThread "Reference Handler" daemon [_thread_blocked, id=15456, stack(0x0000009a2c400000,0x0000009a2c500000)]
  0x0000021a25db0000 JavaThread "main" [_thread_blocked, id=14140, stack(0x0000009a2be00000,0x0000009a2bf00000)]

Other Threads:
  0x0000021a38d82800 VMThread [stack: 0x0000009a2c300000,0x0000009a2c400000] [id=11576]
  0x0000021a38e72000 WatcherThread [stack: 0x0000009a2cc00000,0x0000009a2cd00000] [id=10356]

VM state:at safepoint (normal execution)

VM Mutex/Monitor currently owned by a thread:  ([mutex/lock_event])
[0x0000021a25dae480] Threads_lock - owner thread: 0x0000021a38d82800
[0x0000021a25daf480] Heap_lock - owner thread: 0x0000021a3b739000

heap address: 0x00000000e0000000, size: 512 MB, Compressed Oops mode: 32-bit
Narrow klass base: 0x0000000000000000, Narrow klass shift: 3
Compressed class space size: 1073741824 Address: 0x0000000100000000

Heap:
 PSYoungGen      total 159232K, used 100116K [0x00000000f5580000, 0x0000000100000000, 0x0000000100000000)
  eden space 143872K, 69% used [0x00000000f5580000,0x00000000fb7451d8,0x00000000fe200000)
  from space 15360K, 0% used [0x00000000ff100000,0x00000000ff100000,0x0000000100000000)
  to   space 15360K, 23% used [0x00000000fe200000,0x00000000fe580030,0x00000000ff100000)
 ParOldGen       total 175104K, used 13824K [0x00000000e0000000, 0x00000000eab00000, 0x00000000f5580000)
  object space 175104K, 7% used [0x00000000e0000000,0x00000000e0d802b8,0x00000000eab00000)
 Metaspace       used 39389K, capacity 41188K, committed 41304K, reserved 1085440K
  class space    used 5638K, capacity 6001K, committed 6016K, reserved 1048576K

Card table byte_map: [0x0000021a36ac0000,0x0000021a36bd0000] byte_map_base: 0x0000021a363c0000

Marking Bits: (ParMarkBitMap*) 0x000000006e487fe0
 Begin Bits: [0x0000021a36c80000, 0x0000021a37480000)
 End Bits:   [0x0000021a37480000, 0x0000021a37c80000)

Polling page: 0x0000021a25f00000

CodeCache: size=245760Kb used=12673Kb max_used=12686Kb free=233086Kb
 bounds [0x0000021a27700000, 0x0000021a28370000, 0x0000021a36700000]
 total_blobs=4086 nmethods=3367 adapters=631
 compilation: enabled

Compilation events (10 events):
Event: 6.757 Thread 0x0000021a38dc9800 3361       4       org.objectweb.asm.MethodWriter::visitMethodInsn (191 bytes)
Event: 6.760 Thread 0x0000021a38dce800 3363       3       jdk.internal.org.objectweb.asm.MethodWriter::startFrame (55 bytes)
Event: 6.761 Thread 0x0000021a38dce800 nmethod 3363 0x0000021a28361a50 code [0x0000021a28361bc0, 0x0000021a28361eb8]
Event: 6.761 Thread 0x0000021a38dce800 3364       3       jdk.internal.org.objectweb.asm.MethodWriter::endFrame (53 bytes)
Event: 6.761 Thread 0x0000021a38dce800 nmethod 3364 0x0000021a28361350 code [0x0000021a283614e0, 0x0000021a28361910]
Event: 6.778 Thread 0x0000021a38dc9800 nmethod 3361 0x0000021a28366f10 code [0x0000021a283670e0, 0x0000021a28367d40]
Event: 6.783 Thread 0x0000021a38dce800 3368       1       org.gradle.api.internal.DefaultDomainObjectCollection::getStore (5 bytes)
Event: 6.783 Thread 0x0000021a38dce800 nmethod 3368 0x0000021a2835e9d0 code [0x0000021a2835eb20, 0x0000021a2835ec38]
Event: 6.792 Thread 0x0000021a38dc9800 3369       4       java.lang.ClassLoader::compareCerts (149 bytes)
Event: 6.793 Thread 0x0000021a38dc9800 nmethod 3369 0x0000021a2835fb90 code [0x0000021a2835fcc0, 0x0000021a2835fd58]

GC Heap History (10 events):
Event: 3.613 GC heap before
{Heap before GC invocations=4 (full 0):
 PSYoungGen      total 76288K, used 25880K [0x00000000f5580000, 0x00000000fea80000, 0x0000000100000000)
  eden space 65536K, 23% used [0x00000000f5580000,0x00000000f644d608,0x00000000f9580000)
  from space 10752K, 99% used [0x00000000f9580000,0x00000000f9ff8bf0,0x00000000fa000000)
  to   space 10752K, 0% used [0x00000000fe000000,0x00000000fe000000,0x00000000fea80000)
 ParOldGen       total 175104K, used 662K [0x00000000e0000000, 0x00000000eab00000, 0x00000000f5580000)
  object space 175104K, 0% used [0x00000000e0000000,0x00000000e00a5be8,0x00000000eab00000)
 Metaspace       used 20383K, capacity 21122K, committed 21248K, reserved 1067008K
  class space    used 3009K, capacity 3245K, committed 3328K, reserved 1048576K
Event: 3.622 GC heap after
Heap after GC invocations=4 (full 0):
 PSYoungGen      total 141824K, used 8156K [0x00000000f5580000, 0x00000000fea80000, 0x0000000100000000)
  eden space 131072K, 0% used [0x00000000f5580000,0x00000000f5580000,0x00000000fd580000)
  from space 10752K, 75% used [0x00000000fe000000,0x00000000fe7f7048,0x00000000fea80000)
  to   space 10752K, 0% used [0x00000000fd580000,0x00000000fd580000,0x00000000fe000000)
 ParOldGen       total 175104K, used 670K [0x00000000e0000000, 0x00000000eab00000, 0x00000000f5580000)
  object space 175104K, 0% used [0x00000000e0000000,0x00000000e00a7be8,0x00000000eab00000)
 Metaspace       used 20383K, capacity 21122K, committed 21248K, reserved 1067008K
  class space    used 3009K, capacity 3245K, committed 3328K, reserved 1048576K
}
Event: 3.622 GC heap before
{Heap before GC invocations=5 (full 1):
 PSYoungGen      total 141824K, used 8156K [0x00000000f5580000, 0x00000000fea80000, 0x0000000100000000)
  eden space 131072K, 0% used [0x00000000f5580000,0x00000000f5580000,0x00000000fd580000)
  from space 10752K, 75% used [0x00000000fe000000,0x00000000fe7f7048,0x00000000fea80000)
  to   space 10752K, 0% used [0x00000000fd580000,0x00000000fd580000,0x00000000fe000000)
 ParOldGen       total 175104K, used 670K [0x00000000e0000000, 0x00000000eab00000, 0x00000000f5580000)
  object space 175104K, 0% used [0x00000000e0000000,0x00000000e00a7be8,0x00000000eab00000)
 Metaspace       used 20383K, capacity 21122K, committed 21248K, reserved 1067008K
  class space    used 3009K, capacity 3245K, committed 3328K, reserved 1048576K
Event: 3.661 GC heap after
Heap after GC invocations=5 (full 1):
 PSYoungGen      total 141824K, used 0K [0x00000000f5580000, 0x00000000fea80000, 0x0000000100000000)
  eden space 131072K, 0% used [0x00000000f5580000,0x00000000f5580000,0x00000000fd580000)
  from space 10752K, 0% used [0x00000000fe000000,0x00000000fe000000,0x00000000fea80000)
  to   space 10752K, 0% used [0x00000000fd580000,0x00000000fd580000,0x00000000fe000000)
 ParOldGen       total 175104K, used 7971K [0x00000000e0000000, 0x00000000eab00000, 0x00000000f5580000)
  object space 175104K, 4% used [0x00000000e0000000,0x00000000e07c8ef8,0x00000000eab00000)
 Metaspace       used 20383K, capacity 21122K, committed 21248K, reserved 1067008K
  class space    used 3009K, capacity 3245K, committed 3328K, reserved 1048576K
}
Event: 5.362 GC heap before
{Heap before GC invocations=6 (full 1):
 PSYoungGen      total 141824K, used 131072K [0x00000000f5580000, 0x00000000fea80000, 0x0000000100000000)
  eden space 131072K, 100% used [0x00000000f5580000,0x00000000fd580000,0x00000000fd580000)
  from space 10752K, 0% used [0x00000000fe000000,0x00000000fe000000,0x00000000fea80000)
  to   space 10752K, 0% used [0x00000000fd580000,0x00000000fd580000,0x00000000fe000000)
 ParOldGen       total 175104K, used 7971K [0x00000000e0000000, 0x00000000eab00000, 0x00000000f5580000)
  object space 175104K, 4% used [0x00000000e0000000,0x00000000e07c8ef8,0x00000000eab00000)
 Metaspace       used 32789K, capacity 34006K, committed 34176K, reserved 1079296K
  class space    used 4679K, capacity 4940K, committed 4992K, reserved 1048576K
Event: 5.389 GC heap after
Heap after GC invocations=6 (full 1):
 PSYoungGen      total 141824K, used 10748K [0x00000000f5580000, 0x0000000100000000, 0x0000000100000000)
  eden space 131072K, 0% used [0x00000000f5580000,0x00000000f5580000,0x00000000fd580000)
  from space 10752K, 99% used [0x00000000fd580000,0x00000000fdfff230,0x00000000fe000000)
  to   space 15360K, 0% used [0x00000000ff100000,0x00000000ff100000,0x0000000100000000)
 ParOldGen       total 175104K, used 11549K [0x00000000e0000000, 0x00000000eab00000, 0x00000000f5580000)
  object space 175104K, 6% used [0x00000000e0000000,0x00000000e0b47708,0x00000000eab00000)
 Metaspace       used 32789K, capacity 34006K, committed 34176K, reserved 1079296K
  class space    used 4679K, capacity 4940K, committed 4992K, reserved 1048576K
}
Event: 5.571 GC heap before
{Heap before GC invocations=7 (full 1):
 PSYoungGen      total 141824K, used 26336K [0x00000000f5580000, 0x0000000100000000, 0x0000000100000000)
  eden space 131072K, 11% used [0x00000000f5580000,0x00000000f64b9050,0x00000000fd580000)
  from space 10752K, 99% used [0x00000000fd580000,0x00000000fdfff230,0x00000000fe000000)
  to   space 15360K, 0% used [0x00000000ff100000,0x00000000ff100000,0x0000000100000000)
 ParOldGen       total 175104K, used 11549K [0x00000000e0000000, 0x00000000eab00000, 0x00000000f5580000)
  object space 175104K, 6% used [0x00000000e0000000,0x00000000e0b47708,0x00000000eab00000)
 Metaspace       used 34007K, capacity 35238K, committed 35416K, reserved 1079296K
  class space    used 4744K, capacity 4983K, committed 4992K, reserved 1048576K
Event: 5.588 GC heap after
Heap after GC invocations=7 (full 1):
 PSYoungGen      total 159232K, used 6982K [0x00000000f5580000, 0x0000000100000000, 0x0000000100000000)
  eden space 143872K, 0% used [0x00000000f5580000,0x00000000f5580000,0x00000000fe200000)
  from space 15360K, 45% used [0x00000000ff100000,0x00000000ff7d1990,0x0000000100000000)
  to   space 15360K, 0% used [0x00000000fe200000,0x00000000fe200000,0x00000000ff100000)
 ParOldGen       total 175104K, used 11549K [0x00000000e0000000, 0x00000000eab00000, 0x00000000f5580000)
  object space 175104K, 6% used [0x00000000e0000000,0x00000000e0b47708,0x00000000eab00000)
 Metaspace       used 34007K, capacity 35238K, committed 35416K, reserved 1079296K
  class space    used 4744K, capacity 4983K, committed 4992K, reserved 1048576K
}
Event: 5.588 GC heap before
{Heap before GC invocations=8 (full 2):
 PSYoungGen      total 159232K, used 6982K [0x00000000f5580000, 0x0000000100000000, 0x0000000100000000)
  eden space 143872K, 0% used [0x00000000f5580000,0x00000000f5580000,0x00000000fe200000)
  from space 15360K, 45% used [0x00000000ff100000,0x00000000ff7d1990,0x0000000100000000)
  to   space 15360K, 0% used [0x00000000fe200000,0x00000000fe200000,0x00000000ff100000)
 ParOldGen       total 175104K, used 11549K [0x00000000e0000000, 0x00000000eab00000, 0x00000000f5580000)
  object space 175104K, 6% used [0x00000000e0000000,0x00000000e0b47708,0x00000000eab00000)
 Metaspace       used 34007K, capacity 35238K, committed 35416K, reserved 1079296K
  class space    used 4744K, capacity 4983K, committed 4992K, reserved 1048576K
Event: 5.679 GC heap after
Heap after GC invocations=8 (full 2):
 PSYoungGen      total 159232K, used 0K [0x00000000f5580000, 0x0000000100000000, 0x0000000100000000)
  eden space 143872K, 0% used [0x00000000f5580000,0x00000000f5580000,0x00000000fe200000)
  from space 15360K, 0% used [0x00000000ff100000,0x00000000ff100000,0x0000000100000000)
  to   space 15360K, 0% used [0x00000000fe200000,0x00000000fe200000,0x00000000ff100000)
 ParOldGen       total 175104K, used 13824K [0x00000000e0000000, 0x00000000eab00000, 0x00000000f5580000)
  object space 175104K, 7% used [0x00000000e0000000,0x00000000e0d802b8,0x00000000eab00000)
 Metaspace       used 34007K, capacity 35238K, committed 35416K, reserved 1079296K
  class space    used 4744K, capacity 4983K, committed 4992K, reserved 1048576K
}

Deoptimization events (10 events):
Event: 5.308 Thread 0x0000021a3b739000 Uncommon trap: reason=unstable_if action=reinterpret pc=0x0000021a28036984 method=org.gradle.internal.reflect.PropertyAccessorType.isGetGetterName(Ljava/lang/String;)Z @ 14
Event: 5.340 Thread 0x0000021a3b739000 Uncommon trap: reason=unstable_if action=reinterpret pc=0x0000021a27e32208 method=org.objectweb.asm.ByteVector.putShort(I)Lorg/objectweb/asm/ByteVector; @ 13
Event: 5.391 Thread 0x0000021a38da6800 Uncommon trap: reason=unstable_if action=reinterpret pc=0x0000021a27d09bd0 method=java.lang.ref.Reference.tryHandlePending(Z)Z @ 104
Event: 5.567 Thread 0x0000021a3b739000 Uncommon trap: reason=bimorphic action=maybe_recompile pc=0x0000021a27d2ae50 method=com.google.common.base.CharMatcher.indexIn(Ljava/lang/CharSequence;I)I @ 31
Event: 5.682 Thread 0x0000021a3b739000 Uncommon trap: reason=bimorphic action=maybe_recompile pc=0x0000021a27d2ae50 method=com.google.common.base.CharMatcher.indexIn(Ljava/lang/CharSequence;I)I @ 31
Event: 6.111 Thread 0x0000021a3b739000 Uncommon trap: reason=predicate action=maybe_recompile pc=0x0000021a280bc810 method=java.util.Arrays.binarySearch0([Ljava/lang/Object;IILjava/lang/Object;Ljava/util/Comparator;)I @ 28
Event: 6.115 Thread 0x0000021a3b739000 Uncommon trap: reason=unstable_if action=reinterpret pc=0x0000021a2815e9c8 method=java.util.Arrays.equals([Ljava/lang/Object;[Ljava/lang/Object;)Z @ 23
Event: 6.143 Thread 0x0000021a3b739000 Uncommon trap: reason=unstable_if action=reinterpret pc=0x0000021a279f054c method=sun.misc.MetaIndex.mayContain(Ljava/lang/String;)Z @ 38
Event: 6.304 Thread 0x0000021a3b739000 Uncommon trap: reason=range_check action=make_not_entrant pc=0x0000021a2821b688 method=java.lang.String.charAt(I)C @ 27
Event: 6.336 Thread 0x0000021a3b739000 Uncommon trap: reason=unstable_if action=reinterpret pc=0x0000021a280c4b7c method=org.codehaus.groovy.runtime.metaclass.MetaMethodIndex.addMethodToList(Ljava/lang/Object;Lgroovy/lang/MetaMethod;)Ljava/lang/Object; @ 226

Classes redefined (0 events):
No events

Internal exceptions (10 events):
Event: 6.604 Thread 0x0000021a3b739000 Exception <a 'java/lang/ClassNotFoundException': org/gradle/api/DefaultTaskBeanInfo> (0x00000000fa543718) thrown at [C:\jenkins\workspace\8-2-build-windows-amd64-cygwin\jdk8u291\1294\hotspot\src\share\vm\classfile\systemDictionary.cpp, line 212]
Event: 6.605 Thread 0x0000021a3b739000 Exception <a 'java/lang/ClassNotFoundException': org/gradle/api/internal/AbstractTaskBeanInfo> (0x00000000fa56ff10) thrown at [C:\jenkins\workspace\8-2-build-windows-amd64-cygwin\jdk8u291\1294\hotspot\src\share\vm\classfile\systemDictionary.cpp, line 212]
Event: 6.606 Thread 0x0000021a3b739000 Exception <a 'java/lang/ClassNotFoundException': org/gradle/api/internal/AbstractTaskCustomizer> (0x00000000fa59d0d0) thrown at [C:\jenkins\workspace\8-2-build-windows-amd64-cygwin\jdk8u291\1294\hotspot\src\share\vm\classfile\systemDictionary.cpp, line 21
Event: 6.608 Thread 0x0000021a3b739000 Exception <a 'java/lang/ClassNotFoundException': org/gradle/api/DefaultTaskCustomizer> (0x00000000fa62b018) thrown at [C:\jenkins\workspace\8-2-build-windows-amd64-cygwin\jdk8u291\1294\hotspot\src\share\vm\classfile\systemDictionary.cpp, line 212]
Event: 6.611 Thread 0x0000021a3b739000 Exception <a 'java/lang/ClassNotFoundException': org/gradle/api/internal/ConventionTaskCustomizer> (0x00000000fa6cd778) thrown at [C:\jenkins\workspace\8-2-build-windows-amd64-cygwin\jdk8u291\1294\hotspot\src\share\vm\classfile\systemDictionary.cpp, line 
Event: 6.616 Thread 0x0000021a3b739000 Exception <a 'java/lang/ClassNotFoundException': org/gradle/api/tasks/testing/AbstractTestTaskCustomizer> (0x00000000fa724dd0) thrown at [C:\jenkins\workspace\8-2-build-windows-amd64-cygwin\jdk8u291\1294\hotspot\src\share\vm\classfile\systemDictionary.cpp
Event: 6.618 Thread 0x0000021a3b739000 Exception <a 'java/lang/ClassNotFoundException': org/gradle/api/tasks/testing/TestCustomizer> (0x00000000fa78d9e0) thrown at [C:\jenkins\workspace\8-2-build-windows-amd64-cygwin\jdk8u291\1294\hotspot\src\share\vm\classfile\systemDictionary.cpp, line 212]
Event: 6.627 Thread 0x0000021a3b739000 Exception <a 'java/lang/ClassNotFoundException': org/gradle/api/tasks/testing/Test_DecoratedCustomizer> (0x00000000fa8bbae0) thrown at [C:\jenkins\workspace\8-2-build-windows-amd64-cygwin\jdk8u291\1294\hotspot\src\share\vm\classfile\systemDictionary.cpp, 
Event: 6.712 Thread 0x0000021a3b739000 Exception <a 'java/lang/NoSuchMethodError': java.lang.Object.lambda$static$0(Lorg/gradle/api/internal/tasks/TaskDependencyResolveContext;)V> (0x00000000fac6d3a0) thrown at [C:\jenkins\workspace\8-2-build-windows-amd64-cygwin\jdk8u291\1294\hotspot\src\shar
Event: 6.759 Thread 0x0000021a3b739000 Exception <a 'java/lang/NoSuchMethodError': java.lang.Object.lambda$static$0(Lorg/gradle/api/internal/artifacts/configurations/MutationValidator$MutationType;)V> (0x00000000faf47f78) thrown at [C:\jenkins\workspace\8-2-build-windows-amd64-cygwin\jdk8u291\

Events (10 events):
Event: 6.795 loading class org/gradle/api/internal/artifacts/ivyservice/resolveengine/DefaultArtifactDependencyResolver$DefaultResolveContextToComponentResolver
Event: 6.795 loading class org/gradle/api/internal/artifacts/ivyservice/resolveengine/DefaultArtifactDependencyResolver$DefaultResolveContextToComponentResolver done
Event: 6.795 loading class org/gradle/api/internal/artifacts/ivyservice/resolveengine/ConflictResolverFactory
Event: 6.795 loading class org/gradle/api/internal/artifacts/ivyservice/resolveengine/ConflictResolverFactory done
Event: 6.796 loading class org/gradle/api/internal/artifacts/ivyservice/resolveengine/ModuleConflictResolver
Event: 6.796 loading class org/gradle/api/internal/artifacts/ivyservice/resolveengine/ModuleConflictResolver done
Event: 6.796 loading class org/gradle/api/internal/artifacts/ivyservice/resolveengine/LatestModuleConflictResolver
Event: 6.796 loading class org/gradle/api/internal/artifacts/ivyservice/resolveengine/LatestModuleConflictResolver done
Event: 6.796 loading class org/gradle/api/internal/artifacts/ivyservice/resolveengine/graph/conflicts/DefaultConflictHandler
Event: 6.796 loading class org/gradle/api/internal/artifacts/ivyservice/resolveengine/graph/conflicts/DefaultConflictHandler done


Dynamic libraries:
0x00007ff67b970000 - 0x00007ff67b9b7000 	C:\Program Files\Java\jdk1.8.0_291\bin\java.exe
0x00007ffe85790000 - 0x00007ffe85985000 	C:\WINDOWS\SYSTEM32\ntdll.dll
0x00007ffe845b0000 - 0x00007ffe8466d000 	C:\WINDOWS\System32\KERNEL32.DLL
0x00007ffe830d0000 - 0x00007ffe83398000 	C:\WINDOWS\System32\KERNELBASE.dll
0x00007ffe844f0000 - 0x00007ffe8459c000 	C:\WINDOWS\System32\ADVAPI32.dll
0x00007ffe85090000 - 0x00007ffe8512e000 	C:\WINDOWS\System32\msvcrt.dll
0x00007ffe83dd0000 - 0x00007ffe83e6b000 	C:\WINDOWS\System32\sechost.dll
0x00007ffe843b0000 - 0x00007ffe844db000 	C:\WINDOWS\System32\RPCRT4.dll
0x00007ffe84210000 - 0x00007ffe843b0000 	C:\WINDOWS\System32\USER32.dll
0x00007ffe836d0000 - 0x00007ffe836f2000 	C:\WINDOWS\System32\win32u.dll
0x00007ffe83f80000 - 0x00007ffe83faa000 	C:\WINDOWS\System32\GDI32.dll
0x00007ffe82ed0000 - 0x00007ffe82fdb000 	C:\WINDOWS\System32\gdi32full.dll
0x00007ffe82fe0000 - 0x00007ffe8307d000 	C:\WINDOWS\System32\msvcp_win.dll
0x00007ffe83700000 - 0x00007ffe83800000 	C:\WINDOWS\System32\ucrtbase.dll
0x00007ffe703e0000 - 0x00007ffe7067a000 	C:\WINDOWS\WinSxS\amd64_microsoft.windows.common-controls_6595b64144ccf1df_6.0.19041.1052_none_60b8f8fd71f5e8cb\COMCTL32.dll
0x00007ffe85490000 - 0x00007ffe854c0000 	C:\WINDOWS\System32\IMM32.DLL
0x00007ffe7c7d0000 - 0x00007ffe7c7e5000 	C:\Program Files\Java\jdk1.8.0_291\jre\bin\vcruntime140.dll
0x00007ffe7c730000 - 0x00007ffe7c7cb000 	C:\Program Files\Java\jdk1.8.0_291\jre\bin\msvcp140.dll
0x000000006dca0000 - 0x000000006e500000 	C:\Program Files\Java\jdk1.8.0_291\jre\bin\server\jvm.dll
0x00007ffe845a0000 - 0x00007ffe845a8000 	C:\WINDOWS\System32\PSAPI.DLL
0x00007ffe741f0000 - 0x00007ffe741f9000 	C:\WINDOWS\SYSTEM32\WSOCK32.dll
0x00007ffe713d0000 - 0x00007ffe713f7000 	C:\WINDOWS\SYSTEM32\WINMM.dll
0x00007ffe85520000 - 0x00007ffe8558b000 	C:\WINDOWS\System32\WS2_32.dll
0x00007ffe7af50000 - 0x00007ffe7af5a000 	C:\WINDOWS\SYSTEM32\VERSION.dll
0x00007ffe817f0000 - 0x00007ffe81802000 	C:\WINDOWS\SYSTEM32\kernel.appcore.dll
0x00007ffe7d360000 - 0x00007ffe7d370000 	C:\Program Files\Java\jdk1.8.0_291\jre\bin\verify.dll
0x00007ffe7c700000 - 0x00007ffe7c72b000 	C:\Program Files\Java\jdk1.8.0_291\jre\bin\java.dll
0x00007ffe7b530000 - 0x00007ffe7b548000 	C:\Program Files\Java\jdk1.8.0_291\jre\bin\zip.dll
0x00007ffe84670000 - 0x00007ffe84daf000 	C:\WINDOWS\System32\SHELL32.dll
0x00007ffe80c70000 - 0x00007ffe81400000 	C:\WINDOWS\SYSTEM32\windows.storage.dll
0x00007ffe85130000 - 0x00007ffe85485000 	C:\WINDOWS\System32\combase.dll
0x00007ffe82940000 - 0x00007ffe8296c000 	C:\WINDOWS\SYSTEM32\Wldp.dll
0x00007ffe83ed0000 - 0x00007ffe83f7e000 	C:\WINDOWS\System32\SHCORE.dll
0x00007ffe83e70000 - 0x00007ffe83ec5000 	C:\WINDOWS\System32\shlwapi.dll
0x00007ffe82e10000 - 0x00007ffe82e2f000 	C:\WINDOWS\SYSTEM32\profapi.dll
0x00007ffe74240000 - 0x00007ffe7425c000 	C:\Program Files\Java\jdk1.8.0_291\jre\bin\net.dll
0x00007ffe826b0000 - 0x00007ffe8271a000 	C:\WINDOWS\system32\mswsock.dll
0x00007ffe73230000 - 0x00007ffe73243000 	C:\Program Files\Java\jdk1.8.0_291\jre\bin\nio.dll
0x00007ffe70d00000 - 0x00007ffe70d27000 	C:\Users\rajni\.gradle\native\fdc75f09e3144964f2cf3f50f0aa648679c211496f362492102eb8c894070792\windows-amd64\native-platform.dll
0x00007ffe4ee30000 - 0x00007ffe4efc6000 	C:\Users\rajni\.gradle\native\12488b8bf47d2d4c9fbf2f6322a914ad602e24e48041cd04a747c6da556b65c4\windows-amd64\native-platform-file-events.dll
0x00007ffe7c220000 - 0x00007ffe7c22d000 	C:\Program Files\Java\jdk1.8.0_291\jre\bin\management.dll
0x00007ffe82880000 - 0x00007ffe82898000 	C:\WINDOWS\SYSTEM32\CRYPTSP.dll
0x00007ffe81fe0000 - 0x00007ffe82014000 	C:\WINDOWS\system32\rsaenh.dll
0x00007ffe836a0000 - 0x00007ffe836c7000 	C:\WINDOWS\System32\bcrypt.dll
0x00007ffe82d90000 - 0x00007ffe82dbe000 	C:\WINDOWS\SYSTEM32\USERENV.dll
0x00007ffe835b0000 - 0x00007ffe83633000 	C:\WINDOWS\System32\bcryptprimitives.dll
0x00007ffe828a0000 - 0x00007ffe828ac000 	C:\WINDOWS\SYSTEM32\CRYPTBASE.dll
0x00007ffe82350000 - 0x00007ffe8238b000 	C:\WINDOWS\SYSTEM32\IPHLPAPI.DLL
0x00007ffe83800000 - 0x00007ffe83808000 	C:\WINDOWS\System32\NSI.dll
0x00007ffe80560000 - 0x00007ffe80577000 	C:\WINDOWS\SYSTEM32\dhcpcsvc6.DLL
0x00007ffe80540000 - 0x00007ffe8055d000 	C:\WINDOWS\SYSTEM32\dhcpcsvc.DLL
0x00007ffe82390000 - 0x00007ffe8245c000 	C:\WINDOWS\SYSTEM32\DNSAPI.dll
0x00007ffe7b4e0000 - 0x00007ffe7b4eb000 	C:\WINDOWS\SYSTEM32\WINNSI.DLL
0x00007ffe814d0000 - 0x00007ffe816b4000 	C:\WINDOWS\SYSTEM32\dbghelp.dll

VM Arguments:
jvm_args: -XX:MaxMetaspaceSize=256m -XX:+HeapDumpOnOutOfMemoryError -Xms256m -Xmx512m -Dfile.encoding=windows-1252 -Duser.country=US -Duser.language=en -Duser.variant 
java_command: org.gradle.launcher.daemon.bootstrap.GradleDaemon 6.8
java_class_path (initial): C:\Users\rajni\.gradle\wrapper\dists\gradle-6.8-bin\1jblhjyydfkclfzx1agp92nyl\gradle-6.8\lib\gradle-launcher-6.8.jar
Launcher Type: SUN_STANDARD

Environment Variables:
JAVA_HOME=C:\Program Files\Java\jdk1.8.0_291
PATH=C:\Program Files (x86)\Common Files\Oracle\Java\javapath;C:\Program Files (x86)\Python38-32\Scripts\;C:\Program Files (x86)\Python38-32\;C:\WINDOWS\system32;C:\WINDOWS;C:\WINDOWS\System32\Wbem;C:\WINDOWS\System32\WindowsPowerShell\v1.0\;C:\WINDOWS\System32\OpenSSH\;C:\Program Files\Microsoft SQL Server\130\Tools\Binn\;C:\Program Files\Microsoft SQL Server\Client SDK\ODBC\170\Tools\Binn\;C:\Program Files (x86)\CrSSL\bin;C:\Program Files (x86)\Microsoft SQL Server\150\Tools\Binn\;C:\Program Files\Microsoft SQL Server\150\Tools\Binn\;C:\Program Files\Microsoft SQL Server\150\DTS\Binn\;C:\Program Files (x86)\Microsoft SQL Server\150\DTS\Binn\;C:\Program Files\Azure Data Studio\bin;C:\Program Files\nodejs\;C:\Users\rajni\AppData\Roaming\npm;C:\Program Files\Git\cmd;C:\Program Files\Java\jdk1.8.0_291\BIN;C:\Program Files\MySQL\MySQL Shell 8.0\bin\;C:\Users\rajni\AppData\Local\Microsoft\WindowsApps;C:\Program Files\Azure Data Studio\bin;C:\Program Files\JetBrains\IntelliJ IDEA Community Edition 2021.1.1\bin;;C:\Users\rajni\AppData\Local\Programs\Microsoft VS Code\bin
USERNAME=rajni
OS=Windows_NT
PROCESSOR_IDENTIFIER=Intel64 Family 6 Model 142 Stepping 9, GenuineIntel



---------------  S Y S T E M  ---------------

OS: Windows 10.0 , 64 bit Build 19041 (10.0.19041.1023)

CPU:total 4 (initial active 4) (2 cores per cpu, 2 threads per core) family 6 model 142 stepping 9, cmov, cx8, fxsr, mmx, sse, sse2, sse3, ssse3, sse4.1, sse4.2, popcnt, avx, avx2, aes, clmul, erms, 3dnowpref, lzcnt, ht, tsc, tscinvbit, bmi1, bmi2, adx

Memory: 4k page, physical 8303524k(855160k free), swap 22873376k(4124k free)

vm_info: Java HotSpot(TM) 64-Bit Server VM (25.291-b10) for windows-amd64 JRE (1.8.0_291-b10), built on Apr  9 2021 00:02:00 by "java_re" with MS VC++ 15.9 (VS2017)

time: Fri Jun 25 14:18:10 2021
timezone: India Standard Time
elapsed time: 6.826153 seconds (0d 0h 0m 6s)

