#
# There is insufficient memory for the Java Runtime Environment to continue.
# Native memory allocation (malloc) failed to allocate 1215696 bytes for Chunk::new
# Possible reasons:
#   The system is out of physical RAM or swap space
#   The process is running with CompressedOops enabled, and the Java Heap may be blocking the growth of the native heap
# Possible solutions:
#   Reduce memory load on the system
#   Increase physical memory or swap space
#   Check if swap backing store is full
#   Decrease Java heap size (-Xmx/-Xms)
#   Decrease number of Java threads
#   Decrease Java thread stack sizes (-Xss)
#   Set larger code cache with -XX:ReservedCodeCacheSize=
#   JVM is running with Unscaled Compressed Oops mode in which the Java heap is
#     placed in the first 4GB address space. The Java Heap base address is the
#     maximum limit for the native heap growth. Please use -XX:HeapBaseMinAddress
#     to set the Java Heap base and to place the Java Heap above 4GB virtual address.
# This output file may be truncated or incomplete.
#
#  Out of Memory Error (allocation.cpp:389), pid=16668, tid=0x0000000000000c8c
#
# JRE version: Java(TM) SE Runtime Environment (8.0_291-b10) (build 1.8.0_291-b10)
# Java VM: Java HotSpot(TM) 64-Bit Server VM (25.291-b10 mixed mode windows-amd64 compressed oops)
# Failed to write core dump. Minidumps are not enabled by default on client versions of Windows
#

---------------  T H R E A D  ---------------

Current thread (0x000001c251aeb000):  JavaThread "C2 CompilerThread0" daemon [_thread_in_native, id=3212, stack(0x00000064c1300000,0x00000064c1400000)]

Stack: [0x00000064c1300000,0x00000064c1400000]
Native frames: (J=compiled Java code, j=interpreted, Vv=VM code, C=native code)
V  [jvm.dll+0x32ea19]
V  [jvm.dll+0x275462]
V  [jvm.dll+0x27610d]
V  [jvm.dll+0x26cb45]
V  [jvm.dll+0xd524c]
V  [jvm.dll+0xd5a4c]
V  [jvm.dll+0x46fd43]
V  [jvm.dll+0x437850]
V  [jvm.dll+0x440855]
V  [jvm.dll+0x43fc15]
V  [jvm.dll+0x42aa57]
V  [jvm.dll+0xabeeb]
V  [jvm.dll+0xaa54b]
V  [jvm.dll+0x23db02]
V  [jvm.dll+0x29210c]
C  [ucrtbase.dll+0x21bb2]
C  [KERNEL32.DLL+0x17034]
C  [ntdll.dll+0x52651]


Current CompileTask:
C2:   5793 2768       4       org.gradle.internal.service.DefaultServiceRegistry$OwnServices::getService (309 bytes)


---------------  P R O C E S S  ---------------

Java Threads: ( => current thread )
  0x000001c257194000 JavaThread "Cache worker for Build Output Cleanup Cache (C:\Users\rajni\IdeaProjects\Employ_REST_IO\.gradle\buildOutputCleanup)" [_thread_blocked, id=6000, stack(0x00000064c2e00000,0x00000064c2f00000)]
  0x000001c257193000 JavaThread "Cache worker for file content cache (C:\Users\rajni\.gradle\caches\6.8\fileContent)" [_thread_blocked, id=18580, stack(0x00000064c2d00000,0x00000064c2e00000)]
  0x000001c252aff000 JavaThread "jar transforms" [_thread_blocked, id=16180, stack(0x00000064c2c00000,0x00000064c2d00000)]
  0x000001c252b04800 JavaThread "Cache worker for execution history cache (C:\Users\rajni\.gradle\caches\6.8\executionHistory)" [_thread_blocked, id=6748, stack(0x00000064c2b00000,0x00000064c2c00000)]
  0x000001c252b03800 JavaThread "Cache worker for cache directory md-rule (C:\Users\rajni\.gradle\caches\6.8\md-rule)" [_thread_blocked, id=10480, stack(0x00000064c2a00000,0x00000064c2b00000)]
  0x000001c252b00800 JavaThread "Cache worker for cache directory md-supplier (C:\Users\rajni\.gradle\caches\6.8\md-supplier)" [_thread_blocked, id=13332, stack(0x00000064c2900000,0x00000064c2a00000)]
  0x000001c252b03000 JavaThread "Cache worker for checksums cache (C:\Users\rajni\IdeaProjects\Employ_REST_IO\.gradle\checksums)" [_thread_blocked, id=8040, stack(0x00000064c2800000,0x00000064c2900000)]
  0x000001c252b06000 JavaThread "Cache worker for file hash cache (C:\Users\rajni\IdeaProjects\Employ_REST_IO\.gradle\6.8\fileHashes)" [_thread_blocked, id=8068, stack(0x00000064c2700000,0x00000064c2800000)]
  0x000001c252b02000 JavaThread "Cache worker for journal cache (C:\Users\rajni\.gradle\caches\journal-1)" [_thread_blocked, id=5392, stack(0x00000064c2600000,0x00000064c2700000)]
  0x000001c252b05000 JavaThread "File lock request listener" [_thread_in_native, id=16116, stack(0x00000064c2500000,0x00000064c2600000)]
  0x000001c252b01800 JavaThread "Cache worker for file hash cache (C:\Users\rajni\.gradle\caches\6.8\fileHashes)" [_thread_blocked, id=5228, stack(0x00000064c2400000,0x00000064c2500000)]
  0x000001c2544f8800 JavaThread "Daemon client event forwarder" [_thread_blocked, id=12536, stack(0x00000064c2300000,0x00000064c2400000)]
  0x000001c25453b000 JavaThread "Stdin handler" [_thread_blocked, id=8320, stack(0x00000064c2200000,0x00000064c2300000)]
  0x000001c25449e000 JavaThread "Asynchronous log dispatcher for DefaultDaemonConnection: socket connection from /127.0.0.1:55322 to /127.0.0.1:55323" [_thread_blocked, id=17900, stack(0x00000064c2100000,0x00000064c2200000)]
  0x000001c254497800 JavaThread "Daemon worker" [_thread_in_Java, id=18324, stack(0x00000064c2000000,0x00000064c2100000)]
  0x000001c2544a1000 JavaThread "Cancel handler" [_thread_blocked, id=9736, stack(0x00000064c1f00000,0x00000064c2000000)]
  0x000001c254471000 JavaThread "Handler for socket connection from /127.0.0.1:55322 to /127.0.0.1:55323" [_thread_in_native, id=14812, stack(0x00000064c1e00000,0x00000064c1f00000)]
  0x000001c254470800 JavaThread "Daemon" [_thread_blocked, id=1040, stack(0x00000064c1d00000,0x00000064c1e00000)]
  0x000001c254463800 JavaThread "Daemon periodic checks" [_thread_blocked, id=14172, stack(0x00000064c1c00000,0x00000064c1d00000)]
  0x000001c2543c3000 JavaThread "Incoming local TCP Connector on port 55322" [_thread_in_native, id=11372, stack(0x00000064c1b00000,0x00000064c1c00000)]
  0x000001c2542e6800 JavaThread "Daemon health stats" [_thread_blocked, id=15116, stack(0x00000064c1800000,0x00000064c1900000)]
  0x000001c251b77800 JavaThread "Service Thread" daemon [_thread_blocked, id=7240, stack(0x00000064c1600000,0x00000064c1700000)]
  0x000001c251af6000 JavaThread "C1 CompilerThread2" daemon [_thread_in_native, id=12884, stack(0x00000064c1500000,0x00000064c1600000)]
  0x000001c251aee800 JavaThread "C2 CompilerThread1" daemon [_thread_in_native, id=15776, stack(0x00000064c1400000,0x00000064c1500000)]
=>0x000001c251aeb000 JavaThread "C2 CompilerThread0" daemon [_thread_in_native, id=3212, stack(0x00000064c1300000,0x00000064c1400000)]
  0x000001c251ae1800 JavaThread "Attach Listener" daemon [_thread_blocked, id=9128, stack(0x00000064c1200000,0x00000064c1300000)]
  0x000001c251ae6800 JavaThread "Signal Dispatcher" daemon [_thread_blocked, id=10988, stack(0x00000064c1100000,0x00000064c1200000)]
  0x000001c251396800 JavaThread "Finalizer" daemon [_thread_blocked, id=17516, stack(0x00000064c1000000,0x00000064c1100000)]
  0x000001c251ac5800 JavaThread "Reference Handler" daemon [_thread_blocked, id=9456, stack(0x00000064c0f00000,0x00000064c1000000)]
  0x000001c23ea7f800 JavaThread "main" [_thread_blocked, id=6792, stack(0x00000064c0900000,0x00000064c0a00000)]

Other Threads:
  0x000001c251aa2000 VMThread [stack: 0x00000064c0e00000,0x00000064c0f00000] [id=18344]
  0x000001c251b01800 WatcherThread [stack: 0x00000064c1700000,0x00000064c1800000] [id=15348]

VM state:not at safepoint (normal execution)

VM Mutex/Monitor currently owned by a thread: None

heap address: 0x00000000e0000000, size: 512 MB, Compressed Oops mode: 32-bit
Narrow klass base: 0x0000000000000000, Narrow klass shift: 3
Compressed class space size: 1073741824 Address: 0x0000000100000000

Heap:
 PSYoungGen      total 159232K, used 23207K [0x00000000f5580000, 0x0000000100000000, 0x0000000100000000)
  eden space 143360K, 16% used [0x00000000f5580000,0x00000000f6c29cb8,0x00000000fe180000)
  from space 15872K, 0% used [0x00000000ff080000,0x00000000ff080000,0x0000000100000000)
  to   space 15360K, 0% used [0x00000000fe180000,0x00000000fe180000,0x00000000ff080000)
 ParOldGen       total 175104K, used 13836K [0x00000000e0000000, 0x00000000eab00000, 0x00000000f5580000)
  object space 175104K, 7% used [0x00000000e0000000,0x00000000e0d83080,0x00000000eab00000)
 Metaspace       used 35308K, capacity 36750K, committed 37080K, reserved 1081344K
  class space    used 4978K, capacity 5293K, committed 5376K, reserved 1048576K

Card table byte_map: [0x000001c24f7d0000,0x000001c24f8e0000] byte_map_base: 0x000001c24f0d0000

Marking Bits: (ParMarkBitMap*) 0x000000006e487fe0
 Begin Bits: [0x000001c24f990000, 0x000001c250190000)
 End Bits:   [0x000001c250190000, 0x000001c250990000)

Polling page: 0x000001c23edc0000

CodeCache: size=245760Kb used=10691Kb max_used=10691Kb free=235068Kb
 bounds [0x000001c240410000, 0x000001c240e90000, 0x000001c24f410000]
 total_blobs=3529 nmethods=2829 adapters=612
 compilation: enabled

Compilation events (10 events):
Event: 5.752 Thread 0x000001c251af6000 2832       1       org.gradle.internal.instantiation.generator.AbstractClassGenerator$ClassGenerationHandler::visitProperty (1 bytes)
Event: 5.752 Thread 0x000001c251af6000 nmethod 2832 0x000001c240e7da50 code [0x000001c240e7dba0, 0x000001c240e7dcb8]
Event: 5.752 Thread 0x000001c251af6000 2833       3       com.google.common.collect.LinkedHashMultimap::createCollection (14 bytes)
Event: 5.753 Thread 0x000001c251af6000 nmethod 2833 0x000001c240e7dd10 code [0x000001c240e7de80, 0x000001c240e7e090]
Event: 5.753 Thread 0x000001c251af6000 2834       3       com.google.common.collect.LinkedHashMultimap$ValueSet::<init> (55 bytes)
Event: 5.753 Thread 0x000001c251af6000 nmethod 2834 0x000001c240e7e150 code [0x000001c240e7e300, 0x000001c240e7e710]
Event: 5.759 Thread 0x000001c251af6000 2835       1       com.google.common.collect.ImmutableEntry::getValue (5 bytes)
Event: 5.759 Thread 0x000001c251af6000 nmethod 2835 0x000001c240e7e910 code [0x000001c240e7ea60, 0x000001c240e7eb78]
Event: 5.759 Thread 0x000001c251af6000 2836       3       com.google.common.collect.LinkedHashMultimap::access$400 (6 bytes)
Event: 5.759 Thread 0x000001c251af6000 nmethod 2836 0x000001c240e7ebd0 code [0x000001c240e7ed40, 0x000001c240e7f0b8]

GC Heap History (10 events):
Event: 3.520 GC heap before
{Heap before GC invocations=4 (full 0):
 PSYoungGen      total 76288K, used 25498K [0x00000000f5580000, 0x00000000fea80000, 0x0000000100000000)
  eden space 65536K, 22% used [0x00000000f5580000,0x00000000f63ea800,0x00000000f9580000)
  from space 10752K, 99% used [0x00000000f9580000,0x00000000f9ffc188,0x00000000fa000000)
  to   space 10752K, 0% used [0x00000000fe000000,0x00000000fe000000,0x00000000fea80000)
 ParOldGen       total 175104K, used 593K [0x00000000e0000000, 0x00000000eab00000, 0x00000000f5580000)
  object space 175104K, 0% used [0x00000000e0000000,0x00000000e00945a8,0x00000000eab00000)
 Metaspace       used 20379K, capacity 21122K, committed 21248K, reserved 1067008K
  class space    used 3008K, capacity 3245K, committed 3328K, reserved 1048576K
Event: 3.530 GC heap after
Heap after GC invocations=4 (full 0):
 PSYoungGen      total 141824K, used 8138K [0x00000000f5580000, 0x00000000fea80000, 0x0000000100000000)
  eden space 131072K, 0% used [0x00000000f5580000,0x00000000f5580000,0x00000000fd580000)
  from space 10752K, 75% used [0x00000000fe000000,0x00000000fe7f2928,0x00000000fea80000)
  to   space 10752K, 0% used [0x00000000fd580000,0x00000000fd580000,0x00000000fe000000)
 ParOldGen       total 175104K, used 601K [0x00000000e0000000, 0x00000000eab00000, 0x00000000f5580000)
  object space 175104K, 0% used [0x00000000e0000000,0x00000000e00965a8,0x00000000eab00000)
 Metaspace       used 20379K, capacity 21122K, committed 21248K, reserved 1067008K
  class space    used 3008K, capacity 3245K, committed 3328K, reserved 1048576K
}
Event: 3.530 GC heap before
{Heap before GC invocations=5 (full 1):
 PSYoungGen      total 141824K, used 8138K [0x00000000f5580000, 0x00000000fea80000, 0x0000000100000000)
  eden space 131072K, 0% used [0x00000000f5580000,0x00000000f5580000,0x00000000fd580000)
  from space 10752K, 75% used [0x00000000fe000000,0x00000000fe7f2928,0x00000000fea80000)
  to   space 10752K, 0% used [0x00000000fd580000,0x00000000fd580000,0x00000000fe000000)
 ParOldGen       total 175104K, used 601K [0x00000000e0000000, 0x00000000eab00000, 0x00000000f5580000)
  object space 175104K, 0% used [0x00000000e0000000,0x00000000e00965a8,0x00000000eab00000)
 Metaspace       used 20379K, capacity 21122K, committed 21248K, reserved 1067008K
  class space    used 3008K, capacity 3245K, committed 3328K, reserved 1048576K
Event: 3.569 GC heap after
Heap after GC invocations=5 (full 1):
 PSYoungGen      total 141824K, used 0K [0x00000000f5580000, 0x00000000fea80000, 0x0000000100000000)
  eden space 131072K, 0% used [0x00000000f5580000,0x00000000f5580000,0x00000000fd580000)
  from space 10752K, 0% used [0x00000000fe000000,0x00000000fe000000,0x00000000fea80000)
  to   space 10752K, 0% used [0x00000000fd580000,0x00000000fd580000,0x00000000fe000000)
 ParOldGen       total 175104K, used 7979K [0x00000000e0000000, 0x00000000eab00000, 0x00000000f5580000)
  object space 175104K, 4% used [0x00000000e0000000,0x00000000e07cae68,0x00000000eab00000)
 Metaspace       used 20379K, capacity 21122K, committed 21248K, reserved 1067008K
  class space    used 3008K, capacity 3245K, committed 3328K, reserved 1048576K
}
Event: 5.280 GC heap before
{Heap before GC invocations=6 (full 1):
 PSYoungGen      total 141824K, used 131072K [0x00000000f5580000, 0x00000000fea80000, 0x0000000100000000)
  eden space 131072K, 100% used [0x00000000f5580000,0x00000000fd580000,0x00000000fd580000)
  from space 10752K, 0% used [0x00000000fe000000,0x00000000fe000000,0x00000000fea80000)
  to   space 10752K, 0% used [0x00000000fd580000,0x00000000fd580000,0x00000000fe000000)
 ParOldGen       total 175104K, used 7979K [0x00000000e0000000, 0x00000000eab00000, 0x00000000f5580000)
  object space 175104K, 4% used [0x00000000e0000000,0x00000000e07cae68,0x00000000eab00000)
 Metaspace       used 32802K, capacity 34074K, committed 34176K, reserved 1079296K
  class space    used 4670K, capacity 4940K, committed 4992K, reserved 1048576K
Event: 5.312 GC heap after
Heap after GC invocations=6 (full 1):
 PSYoungGen      total 141824K, used 10746K [0x00000000f5580000, 0x0000000100000000, 0x0000000100000000)
  eden space 131072K, 0% used [0x00000000f5580000,0x00000000f5580000,0x00000000fd580000)
  from space 10752K, 99% used [0x00000000fd580000,0x00000000fdffeae8,0x00000000fe000000)
  to   space 15872K, 0% used [0x00000000ff080000,0x00000000ff080000,0x0000000100000000)
 ParOldGen       total 175104K, used 11651K [0x00000000e0000000, 0x00000000eab00000, 0x00000000f5580000)
  object space 175104K, 6% used [0x00000000e0000000,0x00000000e0b60fd8,0x00000000eab00000)
 Metaspace       used 32802K, capacity 34074K, committed 34176K, reserved 1079296K
  class space    used 4670K, capacity 4940K, committed 4992K, reserved 1048576K
}
Event: 5.468 GC heap before
{Heap before GC invocations=7 (full 1):
 PSYoungGen      total 141824K, used 25213K [0x00000000f5580000, 0x0000000100000000, 0x0000000100000000)
  eden space 131072K, 11% used [0x00000000f5580000,0x00000000f63a0b08,0x00000000fd580000)
  from space 10752K, 99% used [0x00000000fd580000,0x00000000fdffeae8,0x00000000fe000000)
  to   space 15872K, 0% used [0x00000000ff080000,0x00000000ff080000,0x0000000100000000)
 ParOldGen       total 175104K, used 11651K [0x00000000e0000000, 0x00000000eab00000, 0x00000000f5580000)
  object space 175104K, 6% used [0x00000000e0000000,0x00000000e0b60fd8,0x00000000eab00000)
 Metaspace       used 34007K, capacity 35238K, committed 35416K, reserved 1079296K
  class space    used 4734K, capacity 4983K, committed 4992K, reserved 1048576K
Event: 5.479 GC heap after
Heap after GC invocations=7 (full 1):
 PSYoungGen      total 159232K, used 6998K [0x00000000f5580000, 0x0000000100000000, 0x0000000100000000)
  eden space 143360K, 0% used [0x00000000f5580000,0x00000000f5580000,0x00000000fe180000)
  from space 15872K, 44% used [0x00000000ff080000,0x00000000ff755980,0x0000000100000000)
  to   space 15360K, 0% used [0x00000000fe180000,0x00000000fe180000,0x00000000ff080000)
 ParOldGen       total 175104K, used 11659K [0x00000000e0000000, 0x00000000eab00000, 0x00000000f5580000)
  object space 175104K, 6% used [0x00000000e0000000,0x00000000e0b62fd8,0x00000000eab00000)
 Metaspace       used 34007K, capacity 35238K, committed 35416K, reserved 1079296K
  class space    used 4734K, capacity 4983K, committed 4992K, reserved 1048576K
}
Event: 5.479 GC heap before
{Heap before GC invocations=8 (full 2):
 PSYoungGen      total 159232K, used 6998K [0x00000000f5580000, 0x0000000100000000, 0x0000000100000000)
  eden space 143360K, 0% used [0x00000000f5580000,0x00000000f5580000,0x00000000fe180000)
  from space 15872K, 44% used [0x00000000ff080000,0x00000000ff755980,0x0000000100000000)
  to   space 15360K, 0% used [0x00000000fe180000,0x00000000fe180000,0x00000000ff080000)
 ParOldGen       total 175104K, used 11659K [0x00000000e0000000, 0x00000000eab00000, 0x00000000f5580000)
  object space 175104K, 6% used [0x00000000e0000000,0x00000000e0b62fd8,0x00000000eab00000)
 Metaspace       used 34007K, capacity 35238K, committed 35416K, reserved 1079296K
  class space    used 4734K, capacity 4983K, committed 4992K, reserved 1048576K
Event: 5.548 GC heap after
Heap after GC invocations=8 (full 2):
 PSYoungGen      total 159232K, used 0K [0x00000000f5580000, 0x0000000100000000, 0x0000000100000000)
  eden space 143360K, 0% used [0x00000000f5580000,0x00000000f5580000,0x00000000fe180000)
  from space 15872K, 0% used [0x00000000ff080000,0x00000000ff080000,0x0000000100000000)
  to   space 15360K, 0% used [0x00000000fe180000,0x00000000fe180000,0x00000000ff080000)
 ParOldGen       total 175104K, used 13836K [0x00000000e0000000, 0x00000000eab00000, 0x00000000f5580000)
  object space 175104K, 7% used [0x00000000e0000000,0x00000000e0d83080,0x00000000eab00000)
 Metaspace       used 34007K, capacity 35238K, committed 35416K, reserved 1079296K
  class space    used 4734K, capacity 4983K, committed 4992K, reserved 1048576K
}

Deoptimization events (10 events):
Event: 3.760 Thread 0x000001c254497800 Uncommon trap: reason=unstable_if action=reinterpret pc=0x000001c240723590 method=java.io.WinNTFileSystem.resolve(Ljava/lang/String;Ljava/lang/String;)Ljava/lang/String; @ 49
Event: 4.150 Thread 0x000001c254497800 Uncommon trap: reason=unstable_if action=reinterpret pc=0x000001c24097dcbc method=jdk.internal.org.objectweb.asm.Type.getArgumentsAndReturnSizes(Ljava/lang/String;)I @ 88
Event: 4.209 Thread 0x000001c254497800 Uncommon trap: reason=unstable_if action=reinterpret pc=0x000001c240a28888 method=java.net.URLClassLoader.defineClass(Ljava/lang/String;Lsun/misc/Resource;)Ljava/lang/Class; @ 21
Event: 4.210 Thread 0x000001c254497800 Uncommon trap: reason=unstable_if action=reinterpret pc=0x000001c240928570 method=java.lang.ClassLoader.getClassLoadingLock(Ljava/lang/String;)Ljava/lang/Object; @ 6
Event: 4.666 Thread 0x000001c254497800 Uncommon trap: reason=unstable_if action=reinterpret pc=0x000001c240a79eec method=java.net.URLClassLoader.defineClass(Ljava/lang/String;Lsun/misc/Resource;)Ljava/lang/Class; @ 21
Event: 4.847 Thread 0x000001c254497800 Uncommon trap: reason=unstable_if action=reinterpret pc=0x000001c240a4628c method=java.util.HashMap.putVal(ILjava/lang/Object;Ljava/lang/Object;ZZ)Ljava/lang/Object; @ 162
Event: 5.208 Thread 0x000001c254497800 Uncommon trap: reason=unstable_if action=reinterpret pc=0x000001c240a487fc method=java.util.HashMap.getNode(ILjava/lang/Object;)Ljava/util/HashMap$Node; @ 53
Event: 5.214 Thread 0x000001c254497800 Uncommon trap: reason=unstable_if action=reinterpret pc=0x000001c240d5b410 method=org.gradle.internal.reflect.PropertyAccessorType.isGetGetterName(Ljava/lang/String;)Z @ 14
Event: 5.246 Thread 0x000001c254497800 Uncommon trap: reason=unstable_if action=reinterpret pc=0x000001c240b57608 method=org.objectweb.asm.ByteVector.putShort(I)Lorg/objectweb/asm/ByteVector; @ 13
Event: 5.466 Thread 0x000001c254497800 Uncommon trap: reason=predicate action=maybe_recompile pc=0x000001c240a4b450 method=com.google.common.base.CharMatcher.indexIn(Ljava/lang/CharSequence;I)I @ 22

Classes redefined (0 events):
No events

Internal exceptions (10 events):
Event: 4.907 Thread 0x000001c254497800 Exception <a 'java/lang/ClassNotFoundException': org/gradle/initialization/DefaultProjectDescriptorBeanInfo> (0x00000000fbba69a0) thrown at [C:\jenkins\workspace\8-2-build-windows-amd64-cygwin\jdk8u291\1294\hotspot\src\share\vm\classfile\systemDictionary.
Event: 4.908 Thread 0x000001c254497800 Exception <a 'java/lang/ClassNotFoundException': org/gradle/initialization/DefaultProjectDescriptorCustomizer> (0x00000000fbbd9d60) thrown at [C:\jenkins\workspace\8-2-build-windows-amd64-cygwin\jdk8u291\1294\hotspot\src\share\vm\classfile\systemDictionar
Event: 5.443 Thread 0x000001c254497800 Exception <a 'java/lang/ClassNotFoundException': build_5prlj0yevzrnycgwe2u9r9amcBeanInfo> (0x00000000f5fe2e88) thrown at [C:\jenkins\workspace\8-2-build-windows-amd64-cygwin\jdk8u291\1294\hotspot\src\share\vm\classfile\systemDictionary.cpp, line 212]
Event: 5.444 Thread 0x000001c254497800 Exception <a 'java/lang/ClassNotFoundException': org/gradle/api/internal/project/ProjectScriptBeanInfo> (0x00000000f5ffe718) thrown at [C:\jenkins\workspace\8-2-build-windows-amd64-cygwin\jdk8u291\1294\hotspot\src\share\vm\classfile\systemDictionary.cpp, 
Event: 5.444 Thread 0x000001c254497800 Exception <a 'java/lang/ClassNotFoundException': org/gradle/api/internal/project/ProjectScriptCustomizer> (0x00000000f601a670) thrown at [C:\jenkins\workspace\8-2-build-windows-amd64-cygwin\jdk8u291\1294\hotspot\src\share\vm\classfile\systemDictionary.cpp
Event: 5.445 Thread 0x000001c254497800 Exception <a 'java/lang/ClassNotFoundException': build_5prlj0yevzrnycgwe2u9r9amcCustomizer> (0x00000000f603be88) thrown at [C:\jenkins\workspace\8-2-build-windows-amd64-cygwin\jdk8u291\1294\hotspot\src\share\vm\classfile\systemDictionary.cpp, line 212]
Event: 5.458 Thread 0x000001c254497800 Exception <a 'java/lang/ClassNotFoundException': org/gradle/internal/metaobject/ConfigureDelegateBeanInfo> (0x00000000f60e6b68) thrown at [C:\jenkins\workspace\8-2-build-windows-amd64-cygwin\jdk8u291\1294\hotspot\src\share\vm\classfile\systemDictionary.cp
Event: 5.459 Thread 0x000001c254497800 Exception <a 'java/lang/ClassNotFoundException': org/gradle/internal/metaobject/ConfigureDelegateCustomizer> (0x00000000f61181f8) thrown at [C:\jenkins\workspace\8-2-build-windows-amd64-cygwin\jdk8u291\1294\hotspot\src\share\vm\classfile\systemDictionary.
Event: 5.462 Thread 0x000001c254497800 Exception <a 'java/lang/ClassNotFoundException': org/gradle/plugin/use/internal/PluginRequestCollector$PluginDependenciesSpecImplBeanInfo> (0x00000000f6229468) thrown at [C:\jenkins\workspace\8-2-build-windows-amd64-cygwin\jdk8u291\1294\hotspot\src\share\
Event: 5.463 Thread 0x000001c254497800 Exception <a 'java/lang/ClassNotFoundException': org/gradle/plugin/use/internal/PluginRequestCollector$PluginDependenciesSpecImplCustomizer> (0x00000000f626d728) thrown at [C:\jenkins\workspace\8-2-build-windows-amd64-cygwin\jdk8u291\1294\hotspot\src\shar

Events (10 events):
Event: 5.762 loading class org/gradle/api/internal/artifacts/configurations/DefaultConfiguration
Event: 5.762 loading class org/gradle/api/internal/artifacts/configurations/DefaultConfiguration done
Event: 5.766 loading class org/gradle/api/internal/artifacts/configurations/ConfigurationInternal$InternalState
Event: 5.766 loading class org/gradle/api/internal/artifacts/configurations/ConfigurationInternal$InternalState done
Event: 5.767 loading class org/gradle/api/artifacts/PublishArtifactSet
Event: 5.767 loading class org/gradle/api/artifacts/PublishArtifactSet done
Event: 5.768 loading class org/gradle/api/artifacts/DependencySet
Event: 5.768 loading class org/gradle/api/artifacts/DependencySet done
Event: 5.769 loading class org/gradle/api/internal/artifacts/ivyservice/DefaultLenientConfiguration$ArtifactResolveException
Event: 5.769 loading class org/gradle/api/internal/artifacts/ivyservice/DefaultLenientConfiguration$ArtifactResolveException done


Dynamic libraries:
0x00007ff67b970000 - 0x00007ff67b9b7000 	C:\Program Files\Java\jdk1.8.0_291\bin\java.exe
0x00007ffe85790000 - 0x00007ffe85985000 	C:\WINDOWS\SYSTEM32\ntdll.dll
0x00007ffe845b0000 - 0x00007ffe8466d000 	C:\WINDOWS\System32\KERNEL32.DLL
0x00007ffe830d0000 - 0x00007ffe83398000 	C:\WINDOWS\System32\KERNELBASE.dll
0x00007ffe844f0000 - 0x00007ffe8459c000 	C:\WINDOWS\System32\ADVAPI32.dll
0x00007ffe85090000 - 0x00007ffe8512e000 	C:\WINDOWS\System32\msvcrt.dll
0x00007ffe83dd0000 - 0x00007ffe83e6b000 	C:\WINDOWS\System32\sechost.dll
0x00007ffe843b0000 - 0x00007ffe844db000 	C:\WINDOWS\System32\RPCRT4.dll
0x00007ffe84210000 - 0x00007ffe843b0000 	C:\WINDOWS\System32\USER32.dll
0x00007ffe836d0000 - 0x00007ffe836f2000 	C:\WINDOWS\System32\win32u.dll
0x00007ffe83f80000 - 0x00007ffe83faa000 	C:\WINDOWS\System32\GDI32.dll
0x00007ffe82ed0000 - 0x00007ffe82fdb000 	C:\WINDOWS\System32\gdi32full.dll
0x00007ffe82fe0000 - 0x00007ffe8307d000 	C:\WINDOWS\System32\msvcp_win.dll
0x00007ffe83700000 - 0x00007ffe83800000 	C:\WINDOWS\System32\ucrtbase.dll
0x00007ffe703e0000 - 0x00007ffe7067a000 	C:\WINDOWS\WinSxS\amd64_microsoft.windows.common-controls_6595b64144ccf1df_6.0.19041.1052_none_60b8f8fd71f5e8cb\COMCTL32.dll
0x00007ffe85490000 - 0x00007ffe854c0000 	C:\WINDOWS\System32\IMM32.DLL
0x00007ffe7c7d0000 - 0x00007ffe7c7e5000 	C:\Program Files\Java\jdk1.8.0_291\jre\bin\vcruntime140.dll
0x00007ffe7c730000 - 0x00007ffe7c7cb000 	C:\Program Files\Java\jdk1.8.0_291\jre\bin\msvcp140.dll
0x000000006dca0000 - 0x000000006e500000 	C:\Program Files\Java\jdk1.8.0_291\jre\bin\server\jvm.dll
0x00007ffe845a0000 - 0x00007ffe845a8000 	C:\WINDOWS\System32\PSAPI.DLL
0x00007ffe713d0000 - 0x00007ffe713f7000 	C:\WINDOWS\SYSTEM32\WINMM.dll
0x00007ffe7af50000 - 0x00007ffe7af5a000 	C:\WINDOWS\SYSTEM32\VERSION.dll
0x00007ffe741f0000 - 0x00007ffe741f9000 	C:\WINDOWS\SYSTEM32\WSOCK32.dll
0x00007ffe85520000 - 0x00007ffe8558b000 	C:\WINDOWS\System32\WS2_32.dll
0x00007ffe817f0000 - 0x00007ffe81802000 	C:\WINDOWS\SYSTEM32\kernel.appcore.dll
0x00007ffe7d360000 - 0x00007ffe7d370000 	C:\Program Files\Java\jdk1.8.0_291\jre\bin\verify.dll
0x00007ffe7c700000 - 0x00007ffe7c72b000 	C:\Program Files\Java\jdk1.8.0_291\jre\bin\java.dll
0x00007ffe7b530000 - 0x00007ffe7b548000 	C:\Program Files\Java\jdk1.8.0_291\jre\bin\zip.dll
0x00007ffe84670000 - 0x00007ffe84daf000 	C:\WINDOWS\System32\SHELL32.dll
0x00007ffe80c70000 - 0x00007ffe81400000 	C:\WINDOWS\SYSTEM32\windows.storage.dll
0x00007ffe85130000 - 0x00007ffe85485000 	C:\WINDOWS\System32\combase.dll
0x00007ffe82940000 - 0x00007ffe8296c000 	C:\WINDOWS\SYSTEM32\Wldp.dll
0x00007ffe83ed0000 - 0x00007ffe83f7e000 	C:\WINDOWS\System32\SHCORE.dll
0x00007ffe83e70000 - 0x00007ffe83ec5000 	C:\WINDOWS\System32\shlwapi.dll
0x00007ffe82e10000 - 0x00007ffe82e2f000 	C:\WINDOWS\SYSTEM32\profapi.dll
0x00007ffe74240000 - 0x00007ffe7425c000 	C:\Program Files\Java\jdk1.8.0_291\jre\bin\net.dll
0x00007ffe826b0000 - 0x00007ffe8271a000 	C:\WINDOWS\system32\mswsock.dll
0x00007ffe73230000 - 0x00007ffe73243000 	C:\Program Files\Java\jdk1.8.0_291\jre\bin\nio.dll
0x00007ffe70d00000 - 0x00007ffe70d27000 	C:\Users\rajni\.gradle\native\fdc75f09e3144964f2cf3f50f0aa648679c211496f362492102eb8c894070792\windows-amd64\native-platform.dll
0x00007ffe4ee30000 - 0x00007ffe4efc6000 	C:\Users\rajni\.gradle\native\12488b8bf47d2d4c9fbf2f6322a914ad602e24e48041cd04a747c6da556b65c4\windows-amd64\native-platform-file-events.dll
0x00007ffe7c220000 - 0x00007ffe7c22d000 	C:\Program Files\Java\jdk1.8.0_291\jre\bin\management.dll
0x00007ffe82880000 - 0x00007ffe82898000 	C:\WINDOWS\SYSTEM32\CRYPTSP.dll
0x00007ffe81fe0000 - 0x00007ffe82014000 	C:\WINDOWS\system32\rsaenh.dll
0x00007ffe836a0000 - 0x00007ffe836c7000 	C:\WINDOWS\System32\bcrypt.dll
0x00007ffe82d90000 - 0x00007ffe82dbe000 	C:\WINDOWS\SYSTEM32\USERENV.dll
0x00007ffe835b0000 - 0x00007ffe83633000 	C:\WINDOWS\System32\bcryptprimitives.dll
0x00007ffe828a0000 - 0x00007ffe828ac000 	C:\WINDOWS\SYSTEM32\CRYPTBASE.dll
0x00007ffe82350000 - 0x00007ffe8238b000 	C:\WINDOWS\SYSTEM32\IPHLPAPI.DLL
0x00007ffe83800000 - 0x00007ffe83808000 	C:\WINDOWS\System32\NSI.dll
0x00007ffe80560000 - 0x00007ffe80577000 	C:\WINDOWS\SYSTEM32\dhcpcsvc6.DLL
0x00007ffe80540000 - 0x00007ffe8055d000 	C:\WINDOWS\SYSTEM32\dhcpcsvc.DLL
0x00007ffe82390000 - 0x00007ffe8245c000 	C:\WINDOWS\SYSTEM32\DNSAPI.dll
0x00007ffe7b4e0000 - 0x00007ffe7b4eb000 	C:\WINDOWS\SYSTEM32\WINNSI.DLL
0x00007ffe814d0000 - 0x00007ffe816b4000 	C:\WINDOWS\SYSTEM32\dbghelp.dll

VM Arguments:
jvm_args: -XX:MaxMetaspaceSize=256m -XX:+HeapDumpOnOutOfMemoryError -Xms256m -Xmx512m -Dfile.encoding=windows-1252 -Duser.country=US -Duser.language=en -Duser.variant 
java_command: org.gradle.launcher.daemon.bootstrap.GradleDaemon 6.8
java_class_path (initial): C:\Users\rajni\.gradle\wrapper\dists\gradle-6.8-bin\1jblhjyydfkclfzx1agp92nyl\gradle-6.8\lib\gradle-launcher-6.8.jar
Launcher Type: SUN_STANDARD

Environment Variables:
JAVA_HOME=C:\Program Files\Java\jdk1.8.0_291
PATH=C:\Program Files (x86)\Common Files\Oracle\Java\javapath;C:\Program Files (x86)\Python38-32\Scripts\;C:\Program Files (x86)\Python38-32\;C:\WINDOWS\system32;C:\WINDOWS;C:\WINDOWS\System32\Wbem;C:\WINDOWS\System32\WindowsPowerShell\v1.0\;C:\WINDOWS\System32\OpenSSH\;C:\Program Files\Microsoft SQL Server\130\Tools\Binn\;C:\Program Files\Microsoft SQL Server\Client SDK\ODBC\170\Tools\Binn\;C:\Program Files (x86)\CrSSL\bin;C:\Program Files (x86)\Microsoft SQL Server\150\Tools\Binn\;C:\Program Files\Microsoft SQL Server\150\Tools\Binn\;C:\Program Files\Microsoft SQL Server\150\DTS\Binn\;C:\Program Files (x86)\Microsoft SQL Server\150\DTS\Binn\;C:\Program Files\Azure Data Studio\bin;C:\Program Files\nodejs\;C:\Users\rajni\AppData\Roaming\npm;C:\Program Files\Git\cmd;C:\Program Files\Java\jdk1.8.0_291\BIN;C:\Program Files\MySQL\MySQL Shell 8.0\bin\;C:\Users\rajni\AppData\Local\Microsoft\WindowsApps;C:\Program Files\Azure Data Studio\bin;C:\Program Files\JetBrains\IntelliJ IDEA Community Edition 2021.1.1\bin;;C:\Users\rajni\AppData\Local\Programs\Microsoft VS Code\bin
USERNAME=rajni
OS=Windows_NT
PROCESSOR_IDENTIFIER=Intel64 Family 6 Model 142 Stepping 9, GenuineIntel



---------------  S Y S T E M  ---------------

OS: Windows 10.0 , 64 bit Build 19041 (10.0.19041.1023)

CPU:total 4 (initial active 4) (2 cores per cpu, 2 threads per core) family 6 model 142 stepping 9, cmov, cx8, fxsr, mmx, sse, sse2, sse3, ssse3, sse4.1, sse4.2, popcnt, avx, avx2, aes, clmul, erms, 3dnowpref, lzcnt, ht, tsc, tscinvbit, bmi1, bmi2, adx

Memory: 4k page, physical 8303524k(836820k free), swap 22873376k(5200k free)

vm_info: Java HotSpot(TM) 64-Bit Server VM (25.291-b10) for windows-amd64 JRE (1.8.0_291-b10), built on Apr  9 2021 00:02:00 by "java_re" with MS VC++ 15.9 (VS2017)

time: Fri Jun 25 14:19:57 2021
timezone: India Standard Time
elapsed time: 5.802963 seconds (0d 0h 0m 5s)

